<?xml version="1.0" encoding="UTF-8"?>
<!-- Generated by org.testng.reporters.JUnitReportReporter -->
<testsuite hostname="Shashanks-MacBook-Air.local" failures="0" tests="1" name="testCases.TC002_LoginTest" time="8.423" errors="0" timestamp="2024-09-07T11:18:03 IST" skipped="0">
  <testcase classname="testCases.TC002_LoginTest" name="verifyLogin" time="8.423"/>
</testsuite> <!-- testCases.TC002_LoginTest -->
