<?xml version="1.0" encoding="UTF-8"?>
<!-- Generated by org.testng.reporters.JUnitReportReporter -->
<testsuite hostname="Shashanks-MacBook-Air.local" failures="0" tests="6" name="testCases.TC003_LoginDDT" time="104.808" errors="0" timestamp="2024-09-06T23:18:18 IST" skipped="0">
  <testcase classname="testCases.TC003_LoginDDT" name="verify_loginDDT" time="13.462"/>
  <testcase classname="testCases.TC003_LoginDDT" name="verify_loginDDT" time="15.218"/>
  <testcase classname="testCases.TC003_LoginDDT" name="verify_loginDDT" time="16.043"/>
  <testcase classname="testCases.TC003_LoginDDT" name="verify_loginDDT" time="14.422"/>
  <testcase classname="testCases.TC003_LoginDDT" name="verify_loginDDT" time="23.126"/>
  <testcase classname="testCases.TC003_LoginDDT" name="verify_loginDDT" time="22.537"/>
</testsuite> <!-- testCases.TC003_LoginDDT -->
